<?xml version="1.0" encoding="UTF-8"?>
<!-- Generated by org.testng.reporters.JUnitReportReporter -->
<testsuite hostname="Ishans-MacBook-Pro.local" failures="0" tests="5" name="com.api.testcases.TC003_Post_User_Record" time="0.018" errors="0" timestamp="2022-01-21T12:22:15 IST" skipped="0">
  <testcase classname="com.api.testcases.TC003_Post_User_Record" name="checkContentType" time="0.010"/>
  <system-out/>
  <testcase classname="com.api.testcases.TC003_Post_User_Record" name="checkResposeBody" time="0.001"/>
  <system-out/>
  <testcase classname="com.api.testcases.TC003_Post_User_Record" name="checkserverType" time="0.001"/>
  <system-out/>
  <testcase classname="com.api.testcases.TC003_Post_User_Record" name="checkstatusLine" time="0.002"/>
  <system-out/>
  <testcase classname="com.api.testcases.TC003_Post_User_Record" name="checkStatusCode" time="0.004"/>
  <system-out/>
</testsuite> <!-- com.api.testcases.TC003_Post_User_Record -->
