<?xml version="1.0" encoding="UTF-8"?>
<!-- Generated by org.testng.reporters.JUnitReportReporter -->
<testsuite hostname="Ishans-MacBook-Pro.local" failures="0" tests="8" name="com.api.testcases.TC001_Get_All_Users" time="0.077" errors="0" timestamp="2022-01-21T12:22:15 IST" skipped="0">
  <testcase classname="com.api.testcases.TC001_Get_All_Users" name="checkResposeBody" time="0.052"/>
  <system-out/>
  <testcase classname="com.api.testcases.TC001_Get_All_Users" name="checkserverType" time="0.002"/>
  <system-out/>
  <testcase classname="com.api.testcases.TC001_Get_All_Users" name="checkContentType" time="0.008"/>
  <system-out/>
  <testcase classname="com.api.testcases.TC001_Get_All_Users" name="checkcontentEncoding" time="0.004"/>
  <system-out/>
  <testcase classname="com.api.testcases.TC001_Get_All_Users" name="checkResponseTime" time="0.002"/>
  <system-out/>
  <testcase classname="com.api.testcases.TC001_Get_All_Users" name="checkStatusCode" time="0.001"/>
  <system-out/>
  <testcase classname="com.api.testcases.TC001_Get_All_Users" name="checkstatusLine" time="0.005"/>
  <system-out/>
  <testcase classname="com.api.testcases.TC001_Get_All_Users" name="checkCookies" time="0.003"/>
  <system-out/>
</testsuite> <!-- com.api.testcases.TC001_Get_All_Users -->
