<?xml version="1.0" encoding="UTF-8"?>
<!-- Generated by org.testng.reporters.JUnitReportReporter -->
<testsuite hostname="Ishans-MacBook-Pro.local" failures="0" tests="1" name="TC001_Get_Request" time="3.637" errors="0" timestamp="2021-05-14T21:19:42 IST" skipped="0">
  <testcase classname="TC001_Get_Request" name="getUsers" time="3.637"/>
  <system-out/>
</testsuite> <!-- TC001_Get_Request -->
