<?xml version="1.0" encoding="UTF-8"?>
<!-- Generated by org.testng.reporters.JUnitReportReporter -->
<testsuite hostname="Ishans-MacBook-Pro.local" failures="0" tests="1" name="TC003_Authorization" time="3.917" errors="0" timestamp="2021-05-14T21:24:59 IST" skipped="0">
  <testcase classname="TC003_Authorization" name="Authorization" time="3.917"/>
  <system-out/>
</testsuite> <!-- TC003_Authorization -->
