<?xml version="1.0" encoding="UTF-8"?>
<!-- Generated by org.testng.reporters.JUnitReportReporter -->
<testsuite hostname="Ishans-MacBook-Pro.local" failures="0" tests="1" name="APITesting.TC002_Post_Request" time="3.786" errors="0" timestamp="2022-01-20T19:54:58 IST" skipped="0">
  <testcase classname="APITesting.TC002_Post_Request" name="getUsers" time="3.786"/>
  <system-out/>
</testsuite> <!-- APITesting.TC002_Post_Request -->
