<?xml version="1.0" encoding="UTF-8"?>
<!-- Generated by org.testng.reporters.JUnitReportReporter -->
<testsuite hostname="Ishans-MacBook-Pro.local" failures="0" tests="1" name="TC002_Post_Request" time="3.827" errors="0" timestamp="2021-05-14T20:01:39 IST" skipped="0">
  <testcase classname="TC002_Post_Request" name="getUsers" time="3.827"/>
  <system-out/>
</testsuite> <!-- TC002_Post_Request -->
