<?xml version="1.0" encoding="UTF-8"?>
<!-- Generated by org.testng.reporters.JUnitReportReporter -->
<testsuite hostname="Ishans-MacBook-Pro.local" failures="0" tests="1" name="APITesting.TC001_Get_Request" time="4.662" errors="0" timestamp="2022-01-20T20:20:21 IST" skipped="0">
  <testcase classname="APITesting.TC001_Get_Request" name="getUsers" time="4.662"/>
  <system-out/>
</testsuite> <!-- APITesting.TC001_Get_Request -->
