<?xml version="1.0" encoding="UTF-8"?>
<!-- Generated by org.testng.reporters.JUnitReportReporter -->
<testsuite hostname="Ishans-MacBook-Pro.local" failures="0" tests="3" name="DataDrivenAPITesting.DDT_TC_001_POST_Add_New_Users" time="8.469" errors="0" timestamp="2022-01-20T20:47:38 IST" skipped="0">
  <testcase classname="DataDrivenAPITesting.DDT_TC_001_POST_Add_New_Users" name="postNewUsers" time="2.100"/>
  <system-out/>
  <testcase classname="DataDrivenAPITesting.DDT_TC_001_POST_Add_New_Users" name="postNewUsers" time="3.721"/>
  <system-out/>
  <testcase classname="DataDrivenAPITesting.DDT_TC_001_POST_Add_New_Users" name="postNewUsers" time="2.648"/>
  <system-out/>
</testsuite> <!-- DataDrivenAPITesting.DDT_TC_001_POST_Add_New_Users -->
