<?xml version="1.0" encoding="UTF-8"?>
<!-- Generated by org.testng.reporters.JUnitReportReporter -->
<testsuite hostname="Ishans-MacBook-Pro.local" failures="0" tests="5" name="restAssuredBDDTests.TC005_Demo_BasicValidations" time="5.336" errors="0" timestamp="2021-05-22T09:12:27 IST" skipped="0">
  <testcase classname="restAssuredBDDTests.TC005_Demo_BasicValidations" name="teststatuscode" time="2.424"/>
  <system-out/>
  <testcase classname="restAssuredBDDTests.TC005_Demo_BasicValidations" name="testLogging" time="0.545"/>
  <system-out/>
  <testcase classname="restAssuredBDDTests.TC005_Demo_BasicValidations" name="testSingleContent" time="1.238"/>
  <system-out/>
  <testcase classname="restAssuredBDDTests.TC005_Demo_BasicValidations" name="testMultipleContent" time="0.396"/>
  <system-out/>
  <testcase classname="restAssuredBDDTests.TC005_Demo_BasicValidations" name="testParamsAndHeaders" time="0.733"/>
  <system-out/>
</testsuite> <!-- restAssuredBDDTests.TC005_Demo_BasicValidations -->
