<?xml version="1.0" encoding="UTF-8"?>
<!-- Generated by org.testng.reporters.JUnitReportReporter -->
<testsuite hostname="Ishans-MacBook-Pro.local" failures="0" tests="3" name="restAssuredBDDTests.TC006_Demo_BasicValidations_XML" time="6.067" errors="0" timestamp="2021-05-22T09:51:41 IST" skipped="0">
  <testcase classname="restAssuredBDDTests.TC006_Demo_BasicValidations_XML" name="testContent" time="4.062"/>
  <system-out/>
  <testcase classname="restAssuredBDDTests.TC006_Demo_BasicValidations_XML" name="testMultipleContentInOneGo" time="0.970"/>
  <system-out/>
  <testcase classname="restAssuredBDDTests.TC006_Demo_BasicValidations_XML" name="testXPath" time="1.035"/>
  <system-out/>
</testsuite> <!-- restAssuredBDDTests.TC006_Demo_BasicValidations_XML -->
