<?xml version="1.0" encoding="UTF-8"?>
<!-- Generated by org.testng.reporters.JUnitReportReporter -->
<testsuite hostname="Ishans-MacBook-Pro.local" failures="0" tests="1" name="SerializationDeserialization.TestAPINoSerialization" time="3.395" errors="0" timestamp="2021-05-22T13:39:29 IST" skipped="0">
  <testcase classname="SerializationDeserialization.TestAPINoSerialization" name="createNewUser" time="3.395"/>
  <system-out/>
</testsuite> <!-- SerializationDeserialization.TestAPINoSerialization -->
