<?xml version="1.0" encoding="UTF-8"?>
<!-- Generated by org.testng.reporters.JUnitReportReporter -->
<testsuite hostname="Ishans-MacBook-Pro.local" failures="0" tests="1" name="restAssuredBDDTests.TC_001_GET_Request" time="4.073" errors="0" timestamp="2022-01-21T15:41:40 IST" skipped="0">
  <testcase classname="restAssuredBDDTests.TC_001_GET_Request" name="getUsers" time="4.073"/>
  <system-out/>
</testsuite> <!-- restAssuredBDDTests.TC_001_GET_Request -->
