<?xml version="1.0" encoding="UTF-8"?>
<testsuite xmlns:xsi="http://www.w3.org/2001/XMLSchema-instance" xsi:noNamespaceSchemaLocation="https://maven.apache.org/surefire/maven-surefire-plugin/xsd/surefire-test-report-3.0.xsd" version="3.0" name="TestSuite" time="27.086" tests="28" errors="0" skipped="0" failures="0">
  <properties>
    <property name="java.specification.version" value="17"/>
    <property name="sun.jnu.encoding" value="UTF-8"/>
    <property name="java.class.path" value="/Users/ishandhaliwal/Documents/RestAssuredJavaTestNG/RestAssuredHybridFramework/target/test-classes:/Users/ishandhaliwal/Documents/RestAssuredJavaTestNG/RestAssuredHybridFramework/target/classes:/Users/ishandhaliwal/.m2/repository/org/seleniumhq/selenium/selenium-java/4.0.0-beta-1/selenium-java-4.0.0-beta-1.jar:/Users/ishandhaliwal/.m2/repository/org/seleniumhq/selenium/selenium-api/4.0.0-beta-1/selenium-api-4.0.0-beta-1.jar:/Users/ishandhaliwal/.m2/repository/org/seleniumhq/selenium/selenium-chrome-driver/4.0.0-beta-1/selenium-chrome-driver-4.0.0-beta-1.jar:/Users/ishandhaliwal/.m2/repository/com/google/auto/service/auto-service-annotations/1.0-rc7/auto-service-annotations-1.0-rc7.jar:/Users/ishandhaliwal/.m2/repository/com/google/auto/service/auto-service/1.0-rc7/auto-service-1.0-rc7.jar:/Users/ishandhaliwal/.m2/repository/com/google/auto/auto-common/0.10/auto-common-0.10.jar:/Users/ishandhaliwal/.m2/repository/com/google/guava/guava/30.1-jre/guava-30.1-jre.jar:/Users/ishandhaliwal/.m2/repository/com/google/guava/failureaccess/1.0.1/failureaccess-1.0.1.jar:/Users/ishandhaliwal/.m2/repository/com/google/guava/listenablefuture/9999.0-empty-to-avoid-conflict-with-guava/listenablefuture-9999.0-empty-to-avoid-conflict-with-guava.jar:/Users/ishandhaliwal/.m2/repository/com/google/code/findbugs/jsr305/3.0.2/jsr305-3.0.2.jar:/Users/ishandhaliwal/.m2/repository/org/checkerframework/checker-qual/3.5.0/checker-qual-3.5.0.jar:/Users/ishandhaliwal/.m2/repository/com/google/errorprone/error_prone_annotations/2.3.4/error_prone_annotations-2.3.4.jar:/Users/ishandhaliwal/.m2/repository/com/google/j2objc/j2objc-annotations/1.3/j2objc-annotations-1.3.jar:/Users/ishandhaliwal/.m2/repository/org/seleniumhq/selenium/selenium-chromium-driver/4.0.0-beta-1/selenium-chromium-driver-4.0.0-beta-1.jar:/Users/ishandhaliwal/.m2/repository/org/seleniumhq/selenium/selenium-devtools/4.0.0-beta-1/selenium-devtools-4.0.0-beta-1.jar:/Users/ishandhaliwal/.m2/repository/org/seleniumhq/selenium/selenium-http/4.0.0-beta-1/selenium-http-4.0.0-beta-1.jar:/Users/ishandhaliwal/.m2/repository/org/seleniumhq/selenium/selenium-json/4.0.0-beta-1/selenium-json-4.0.0-beta-1.jar:/Users/ishandhaliwal/.m2/repository/org/seleniumhq/selenium/selenium-devtools-v86/4.0.0-beta-1/selenium-devtools-v86-4.0.0-beta-1.jar:/Users/ishandhaliwal/.m2/repository/org/seleniumhq/selenium/selenium-devtools-v87/4.0.0-beta-1/selenium-devtools-v87-4.0.0-beta-1.jar:/Users/ishandhaliwal/.m2/repository/org/seleniumhq/selenium/selenium-devtools-v88/4.0.0-beta-1/selenium-devtools-v88-4.0.0-beta-1.jar:/Users/ishandhaliwal/.m2/repository/org/seleniumhq/selenium/selenium-devtools-v89/4.0.0-beta-1/selenium-devtools-v89-4.0.0-beta-1.jar:/Users/ishandhaliwal/.m2/repository/org/seleniumhq/selenium/selenium-edge-driver/4.0.0-beta-1/selenium-edge-driver-4.0.0-beta-1.jar:/Users/ishandhaliwal/.m2/repository/org/seleniumhq/selenium/selenium-firefox-driver/4.0.0-beta-1/selenium-firefox-driver-4.0.0-beta-1.jar:/Users/ishandhaliwal/.m2/repository/org/seleniumhq/selenium/selenium-firefox-xpi-driver/4.0.0-beta-1/selenium-firefox-xpi-driver-4.0.0-beta-1.jar:/Users/ishandhaliwal/.m2/repository/org/seleniumhq/selenium/selenium-ie-driver/4.0.0-beta-1/selenium-ie-driver-4.0.0-beta-1.jar:/Users/ishandhaliwal/.m2/repository/org/seleniumhq/selenium/selenium-opera-driver/4.0.0-beta-1/selenium-opera-driver-4.0.0-beta-1.jar:/Users/ishandhaliwal/.m2/repository/org/seleniumhq/selenium/selenium-remote-driver/4.0.0-beta-1/selenium-remote-driver-4.0.0-beta-1.jar:/Users/ishandhaliwal/.m2/repository/io/netty/netty-buffer/4.1.58.Final/netty-buffer-4.1.58.Final.jar:/Users/ishandhaliwal/.m2/repository/io/netty/netty-codec-http/4.1.58.Final/netty-codec-http-4.1.58.Final.jar:/Users/ishandhaliwal/.m2/repository/io/netty/netty-codec/4.1.58.Final/netty-codec-4.1.58.Final.jar:/Users/ishandhaliwal/.m2/repository/io/netty/netty-handler/4.1.58.Final/netty-handler-4.1.58.Final.jar:/Users/ishandhaliwal/.m2/repository/io/netty/netty-common/4.1.58.Final/netty-common-4.1.58.Final.jar:/Users/ishandhaliwal/.m2/repository/io/netty/netty-transport-native-epoll/4.1.58.Final/netty-transport-native-epoll-4.1.58.Final.jar:/Users/ishandhaliwal/.m2/repository/io/netty/netty-transport-native-kqueue/4.1.58.Final/netty-transport-native-kqueue-4.1.58.Final.jar:/Users/ishandhaliwal/.m2/repository/io/netty/netty-transport-native-unix-common/4.1.58.Final/netty-transport-native-unix-common-4.1.58.Final.jar:/Users/ishandhaliwal/.m2/repository/io/netty/netty-transport/4.1.58.Final/netty-transport-4.1.58.Final.jar:/Users/ishandhaliwal/.m2/repository/io/netty/netty-resolver/4.1.58.Final/netty-resolver-4.1.58.Final.jar:/Users/ishandhaliwal/.m2/repository/io/opentelemetry/opentelemetry-api/0.14.1/opentelemetry-api-0.14.1.jar:/Users/ishandhaliwal/.m2/repository/io/opentelemetry/opentelemetry-context/0.14.1/opentelemetry-context-0.14.1.jar:/Users/ishandhaliwal/.m2/repository/io/opentelemetry/opentelemetry-exporter-logging/0.14.1/opentelemetry-exporter-logging-0.14.1.jar:/Users/ishandhaliwal/.m2/repository/io/opentelemetry/opentelemetry-sdk-metrics/0.14.1-alpha/opentelemetry-sdk-metrics-0.14.1-alpha.jar:/Users/ishandhaliwal/.m2/repository/io/opentelemetry/opentelemetry-sdk-common/0.14.1/opentelemetry-sdk-common-0.14.1.jar:/Users/ishandhaliwal/.m2/repository/io/opentelemetry/opentelemetry-sdk-trace/0.14.1/opentelemetry-sdk-trace-0.14.1.jar:/Users/ishandhaliwal/.m2/repository/io/opentelemetry/opentelemetry-api-metrics/0.14.1-alpha/opentelemetry-api-metrics-0.14.1-alpha.jar:/Users/ishandhaliwal/.m2/repository/io/opentelemetry/opentelemetry-sdk/0.14.1/opentelemetry-sdk-0.14.1.jar:/Users/ishandhaliwal/.m2/repository/io/opentelemetry/opentelemetry-semconv/0.14.1/opentelemetry-semconv-0.14.1.jar:/Users/ishandhaliwal/.m2/repository/net/bytebuddy/byte-buddy/1.10.19/byte-buddy-1.10.19.jar:/Users/ishandhaliwal/.m2/repository/org/apache/commons/commons-exec/1.3/commons-exec-1.3.jar:/Users/ishandhaliwal/.m2/repository/org/asynchttpclient/async-http-client/2.12.2/async-http-client-2.12.2.jar:/Users/ishandhaliwal/.m2/repository/org/asynchttpclient/async-http-client-netty-utils/2.12.2/async-http-client-netty-utils-2.12.2.jar:/Users/ishandhaliwal/.m2/repository/io/netty/netty-codec-socks/4.1.53.Final/netty-codec-socks-4.1.53.Final.jar:/Users/ishandhaliwal/.m2/repository/io/netty/netty-handler-proxy/4.1.53.Final/netty-handler-proxy-4.1.53.Final.jar:/Users/ishandhaliwal/.m2/repository/io/netty/netty-transport-native-epoll/4.1.53.Final/netty-transport-native-epoll-4.1.53.Final-linux-x86_64.jar:/Users/ishandhaliwal/.m2/repository/io/netty/netty-transport-native-kqueue/4.1.53.Final/netty-transport-native-kqueue-4.1.53.Final-osx-x86_64.jar:/Users/ishandhaliwal/.m2/repository/org/reactivestreams/reactive-streams/1.0.3/reactive-streams-1.0.3.jar:/Users/ishandhaliwal/.m2/repository/com/typesafe/netty/netty-reactive-streams/2.0.4/netty-reactive-streams-2.0.4.jar:/Users/ishandhaliwal/.m2/repository/com/sun/activation/jakarta.activation/1.2.2/jakarta.activation-1.2.2.jar:/Users/ishandhaliwal/.m2/repository/org/seleniumhq/selenium/selenium-safari-driver/4.0.0-beta-1/selenium-safari-driver-4.0.0-beta-1.jar:/Users/ishandhaliwal/.m2/repository/org/seleniumhq/selenium/selenium-support/4.0.0-beta-1/selenium-support-4.0.0-beta-1.jar:/Users/ishandhaliwal/.m2/repository/org/testng/testng/7.4.0/testng-7.4.0.jar:/Users/ishandhaliwal/.m2/repository/com/beust/jcommander/1.78/jcommander-1.78.jar:/Users/ishandhaliwal/.m2/repository/org/webjars/jquery/3.5.1/jquery-3.5.1.jar:/Users/ishandhaliwal/.m2/repository/org/apache/poi/poi/5.0.0/poi-5.0.0.jar:/Users/ishandhaliwal/.m2/repository/org/slf4j/slf4j-api/1.7.30/slf4j-api-1.7.30.jar:/Users/ishandhaliwal/.m2/repository/org/slf4j/jcl-over-slf4j/1.7.30/jcl-over-slf4j-1.7.30.jar:/Users/ishandhaliwal/.m2/repository/commons-codec/commons-codec/1.15/commons-codec-1.15.jar:/Users/ishandhaliwal/.m2/repository/org/apache/commons/commons-collections4/4.4/commons-collections4-4.4.jar:/Users/ishandhaliwal/.m2/repository/org/apache/commons/commons-math3/3.6.1/commons-math3-3.6.1.jar:/Users/ishandhaliwal/.m2/repository/com/zaxxer/SparseBitSet/1.2/SparseBitSet-1.2.jar:/Users/ishandhaliwal/.m2/repository/org/apache/poi/poi-ooxml/5.0.0/poi-ooxml-5.0.0.jar:/Users/ishandhaliwal/.m2/repository/org/apache/poi/poi-ooxml-lite/5.0.0/poi-ooxml-lite-5.0.0.jar:/Users/ishandhaliwal/.m2/repository/org/apache/xmlbeans/xmlbeans/4.0.0/xmlbeans-4.0.0.jar:/Users/ishandhaliwal/.m2/repository/org/apache/commons/commons-compress/1.20/commons-compress-1.20.jar:/Users/ishandhaliwal/.m2/repository/com/github/virtuald/curvesapi/1.06/curvesapi-1.06.jar:/Users/ishandhaliwal/.m2/repository/org/bouncycastle/bcpkix-jdk15on/1.68/bcpkix-jdk15on-1.68.jar:/Users/ishandhaliwal/.m2/repository/org/bouncycastle/bcprov-jdk15on/1.68/bcprov-jdk15on-1.68.jar:/Users/ishandhaliwal/.m2/repository/org/apache/santuario/xmlsec/2.2.1/xmlsec-2.2.1.jar:/Users/ishandhaliwal/.m2/repository/com/fasterxml/woodstox/woodstox-core/5.2.1/woodstox-core-5.2.1.jar:/Users/ishandhaliwal/.m2/repository/org/codehaus/woodstox/stax2-api/4.2/stax2-api-4.2.jar:/Users/ishandhaliwal/.m2/repository/jakarta/xml/bind/jakarta.xml.bind-api/2.3.2/jakarta.xml.bind-api-2.3.2.jar:/Users/ishandhaliwal/.m2/repository/jakarta/activation/jakarta.activation-api/1.2.1/jakarta.activation-api-1.2.1.jar:/Users/ishandhaliwal/.m2/repository/org/apache/xmlgraphics/batik-all/1.13/batik-all-1.13.jar:/Users/ishandhaliwal/.m2/repository/org/apache/xmlgraphics/batik-anim/1.13/batik-anim-1.13.jar:/Users/ishandhaliwal/.m2/repository/org/apache/xmlgraphics/batik-shared-resources/1.13/batik-shared-resources-1.13.jar:/Users/ishandhaliwal/.m2/repository/xml-apis/xml-apis-ext/1.3.04/xml-apis-ext-1.3.04.jar:/Users/ishandhaliwal/.m2/repository/org/apache/xmlgraphics/batik-awt-util/1.13/batik-awt-util-1.13.jar:/Users/ishandhaliwal/.m2/repository/org/apache/xmlgraphics/xmlgraphics-commons/2.4/xmlgraphics-commons-2.4.jar:/Users/ishandhaliwal/.m2/repository/commons-io/commons-io/1.3.1/commons-io-1.3.1.jar:/Users/ishandhaliwal/.m2/repository/org/apache/xmlgraphics/batik-bridge/1.13/batik-bridge-1.13.jar:/Users/ishandhaliwal/.m2/repository/org/apache/xmlgraphics/batik-codec/1.13/batik-codec-1.13.jar:/Users/ishandhaliwal/.m2/repository/org/apache/xmlgraphics/batik-constants/1.13/batik-constants-1.13.jar:/Users/ishandhaliwal/.m2/repository/org/apache/xmlgraphics/batik-css/1.13/batik-css-1.13.jar:/Users/ishandhaliwal/.m2/repository/org/apache/xmlgraphics/batik-dom/1.13/batik-dom-1.13.jar:/Users/ishandhaliwal/.m2/repository/xalan/xalan/2.7.2/xalan-2.7.2.jar:/Users/ishandhaliwal/.m2/repository/xalan/serializer/2.7.2/serializer-2.7.2.jar:/Users/ishandhaliwal/.m2/repository/xml-apis/xml-apis/1.4.01/xml-apis-1.4.01.jar:/Users/ishandhaliwal/.m2/repository/org/apache/xmlgraphics/batik-ext/1.13/batik-ext-1.13.jar:/Users/ishandhaliwal/.m2/repository/org/apache/xmlgraphics/batik-extension/1.13/batik-extension-1.13.jar:/Users/ishandhaliwal/.m2/repository/org/apache/xmlgraphics/batik-gui-util/1.13/batik-gui-util-1.13.jar:/Users/ishandhaliwal/.m2/repository/org/apache/xmlgraphics/batik-gvt/1.13/batik-gvt-1.13.jar:/Users/ishandhaliwal/.m2/repository/org/apache/xmlgraphics/batik-i18n/1.13/batik-i18n-1.13.jar:/Users/ishandhaliwal/.m2/repository/org/apache/xmlgraphics/batik-parser/1.13/batik-parser-1.13.jar:/Users/ishandhaliwal/.m2/repository/org/apache/xmlgraphics/batik-rasterizer-ext/1.13/batik-rasterizer-ext-1.13.jar:/Users/ishandhaliwal/.m2/repository/org/apache/xmlgraphics/batik-rasterizer/1.13/batik-rasterizer-1.13.jar:/Users/ishandhaliwal/.m2/repository/org/apache/xmlgraphics/batik-script/1.13/batik-script-1.13.jar:/Users/ishandhaliwal/.m2/repository/org/apache/xmlgraphics/batik-slideshow/1.13/batik-slideshow-1.13.jar:/Users/ishandhaliwal/.m2/repository/org/apache/xmlgraphics/batik-squiggle-ext/1.13/batik-squiggle-ext-1.13.jar:/Users/ishandhaliwal/.m2/repository/org/apache/xmlgraphics/batik-squiggle/1.13/batik-squiggle-1.13.jar:/Users/ishandhaliwal/.m2/repository/org/apache/xmlgraphics/batik-svg-dom/1.13/batik-svg-dom-1.13.jar:/Users/ishandhaliwal/.m2/repository/org/apache/xmlgraphics/batik-svgbrowser/1.13/batik-svgbrowser-1.13.jar:/Users/ishandhaliwal/.m2/repository/org/apache/xmlgraphics/batik-svggen/1.13/batik-svggen-1.13.jar:/Users/ishandhaliwal/.m2/repository/org/apache/xmlgraphics/batik-svgpp/1.13/batik-svgpp-1.13.jar:/Users/ishandhaliwal/.m2/repository/org/apache/xmlgraphics/batik-svgrasterizer/1.13/batik-svgrasterizer-1.13.jar:/Users/ishandhaliwal/.m2/repository/org/apache/xmlgraphics/batik-swing/1.13/batik-swing-1.13.jar:/Users/ishandhaliwal/.m2/repository/org/apache/xmlgraphics/batik-transcoder/1.13/batik-transcoder-1.13.jar:/Users/ishandhaliwal/.m2/repository/org/apache/xmlgraphics/batik-util/1.13/batik-util-1.13.jar:/Users/ishandhaliwal/.m2/repository/org/apache/xmlgraphics/batik-ttf2svg/1.13/batik-ttf2svg-1.13.jar:/Users/ishandhaliwal/.m2/repository/org/apache/xmlgraphics/batik-xml/1.13/batik-xml-1.13.jar:/Users/ishandhaliwal/.m2/repository/de/rototor/pdfbox/graphics2d/0.30/graphics2d-0.30.jar:/Users/ishandhaliwal/.m2/repository/org/apache/pdfbox/pdfbox/2.0.22/pdfbox-2.0.22.jar:/Users/ishandhaliwal/.m2/repository/org/apache/pdfbox/fontbox/2.0.22/fontbox-2.0.22.jar:/Users/ishandhaliwal/.m2/repository/com/aventstack/extentreports/4.0.9/extentreports-4.0.9.jar:/Users/ishandhaliwal/.m2/repository/org/freemarker/freemarker/2.3.23/freemarker-2.3.23.jar:/Users/ishandhaliwal/.m2/repository/org/mongodb/mongodb-driver/3.3.0/mongodb-driver-3.3.0.jar:/Users/ishandhaliwal/.m2/repository/org/mongodb/mongodb-driver-core/3.3.0/mongodb-driver-core-3.3.0.jar:/Users/ishandhaliwal/.m2/repository/org/mongodb/bson/3.3.0/bson-3.3.0.jar:/Users/ishandhaliwal/.m2/repository/org/apache/httpcomponents/httpclient/4.5.2/httpclient-4.5.2.jar:/Users/ishandhaliwal/.m2/repository/org/apache/httpcomponents/httpcore/4.4.4/httpcore-4.4.4.jar:/Users/ishandhaliwal/.m2/repository/commons-logging/commons-logging/1.2/commons-logging-1.2.jar:/Users/ishandhaliwal/.m2/repository/org/apache/httpcomponents/httpmime/4.5.2/httpmime-4.5.2.jar:/Users/ishandhaliwal/.m2/repository/com/google/code/gson/gson/2.8.5/gson-2.8.5.jar:/Users/ishandhaliwal/.m2/repository/log4j/log4j/1.2.17/log4j-1.2.17.jar:/Users/ishandhaliwal/.m2/repository/io/rest-assured/rest-assured/4.3.3/rest-assured-4.3.3.jar:/Users/ishandhaliwal/.m2/repository/org/codehaus/groovy/groovy/3.0.7/groovy-3.0.7.jar:/Users/ishandhaliwal/.m2/repository/org/codehaus/groovy/groovy-xml/3.0.7/groovy-xml-3.0.7.jar:/Users/ishandhaliwal/.m2/repository/org/hamcrest/hamcrest/2.1/hamcrest-2.1.jar:/Users/ishandhaliwal/.m2/repository/org/ccil/cowan/tagsoup/tagsoup/1.2.1/tagsoup-1.2.1.jar:/Users/ishandhaliwal/.m2/repository/io/rest-assured/json-path/4.3.3/json-path-4.3.3.jar:/Users/ishandhaliwal/.m2/repository/org/codehaus/groovy/groovy-json/3.0.7/groovy-json-3.0.7.jar:/Users/ishandhaliwal/.m2/repository/io/rest-assured/rest-assured-common/4.3.3/rest-assured-common-4.3.3.jar:/Users/ishandhaliwal/.m2/repository/io/rest-assured/xml-path/4.3.3/xml-path-4.3.3.jar:/Users/ishandhaliwal/.m2/repository/org/apache/commons/commons-lang3/3.11/commons-lang3-3.11.jar:/Users/ishandhaliwal/.m2/repository/com/sun/xml/bind/jaxb-impl/2.3.3/jaxb-impl-2.3.3.jar:/Users/ishandhaliwal/.m2/repository/com/googlecode/json-simple/json-simple/1.1.1/json-simple-1.1.1.jar:/Users/ishandhaliwal/.m2/repository/junit/junit/4.10/junit-4.10.jar:/Users/ishandhaliwal/.m2/repository/org/hamcrest/hamcrest-core/1.1/hamcrest-core-1.1.jar:"/>
    <property name="java.vm.vendor" value="Homebrew"/>
    <property name="sun.arch.data.model" value="64"/>
    <property name="java.vendor.url" value="https://github.com/Homebrew/homebrew-core/issues"/>
    <property name="user.timezone" value="Asia/Kolkata"/>
    <property name="os.name" value="Mac OS X"/>
    <property name="java.vm.specification.version" value="17"/>
    <property name="sun.java.launcher" value="SUN_STANDARD"/>
    <property name="user.country" value="IN"/>
    <property name="sun.boot.library.path" value="/opt/homebrew/Cellar/openjdk/17.0.1_1/libexec/openjdk.jdk/Contents/Home/lib"/>
    <property name="sun.java.command" value="/Users/ishandhaliwal/Documents/RestAssuredJavaTestNG/RestAssuredHybridFramework/target/surefire/surefirebooter10116248712121016837.jar /Users/ishandhaliwal/Documents/RestAssuredJavaTestNG/RestAssuredHybridFramework/target/surefire 2022-01-21T12-25-59_870-jvmRun1 surefire298736396074777005tmp surefire_010851851332239398302tmp"/>
    <property name="http.nonProxyHosts" value="local|*.local|169.254/16|*.169.254/16"/>
    <property name="jdk.debug" value="release"/>
    <property name="surefire.test.class.path" value="/Users/ishandhaliwal/Documents/RestAssuredJavaTestNG/RestAssuredHybridFramework/target/test-classes:/Users/ishandhaliwal/Documents/RestAssuredJavaTestNG/RestAssuredHybridFramework/target/classes:/Users/ishandhaliwal/.m2/repository/org/seleniumhq/selenium/selenium-java/4.0.0-beta-1/selenium-java-4.0.0-beta-1.jar:/Users/ishandhaliwal/.m2/repository/org/seleniumhq/selenium/selenium-api/4.0.0-beta-1/selenium-api-4.0.0-beta-1.jar:/Users/ishandhaliwal/.m2/repository/org/seleniumhq/selenium/selenium-chrome-driver/4.0.0-beta-1/selenium-chrome-driver-4.0.0-beta-1.jar:/Users/ishandhaliwal/.m2/repository/com/google/auto/service/auto-service-annotations/1.0-rc7/auto-service-annotations-1.0-rc7.jar:/Users/ishandhaliwal/.m2/repository/com/google/auto/service/auto-service/1.0-rc7/auto-service-1.0-rc7.jar:/Users/ishandhaliwal/.m2/repository/com/google/auto/auto-common/0.10/auto-common-0.10.jar:/Users/ishandhaliwal/.m2/repository/com/google/guava/guava/30.1-jre/guava-30.1-jre.jar:/Users/ishandhaliwal/.m2/repository/com/google/guava/failureaccess/1.0.1/failureaccess-1.0.1.jar:/Users/ishandhaliwal/.m2/repository/com/google/guava/listenablefuture/9999.0-empty-to-avoid-conflict-with-guava/listenablefuture-9999.0-empty-to-avoid-conflict-with-guava.jar:/Users/ishandhaliwal/.m2/repository/com/google/code/findbugs/jsr305/3.0.2/jsr305-3.0.2.jar:/Users/ishandhaliwal/.m2/repository/org/checkerframework/checker-qual/3.5.0/checker-qual-3.5.0.jar:/Users/ishandhaliwal/.m2/repository/com/google/errorprone/error_prone_annotations/2.3.4/error_prone_annotations-2.3.4.jar:/Users/ishandhaliwal/.m2/repository/com/google/j2objc/j2objc-annotations/1.3/j2objc-annotations-1.3.jar:/Users/ishandhaliwal/.m2/repository/org/seleniumhq/selenium/selenium-chromium-driver/4.0.0-beta-1/selenium-chromium-driver-4.0.0-beta-1.jar:/Users/ishandhaliwal/.m2/repository/org/seleniumhq/selenium/selenium-devtools/4.0.0-beta-1/selenium-devtools-4.0.0-beta-1.jar:/Users/ishandhaliwal/.m2/repository/org/seleniumhq/selenium/selenium-http/4.0.0-beta-1/selenium-http-4.0.0-beta-1.jar:/Users/ishandhaliwal/.m2/repository/org/seleniumhq/selenium/selenium-json/4.0.0-beta-1/selenium-json-4.0.0-beta-1.jar:/Users/ishandhaliwal/.m2/repository/org/seleniumhq/selenium/selenium-devtools-v86/4.0.0-beta-1/selenium-devtools-v86-4.0.0-beta-1.jar:/Users/ishandhaliwal/.m2/repository/org/seleniumhq/selenium/selenium-devtools-v87/4.0.0-beta-1/selenium-devtools-v87-4.0.0-beta-1.jar:/Users/ishandhaliwal/.m2/repository/org/seleniumhq/selenium/selenium-devtools-v88/4.0.0-beta-1/selenium-devtools-v88-4.0.0-beta-1.jar:/Users/ishandhaliwal/.m2/repository/org/seleniumhq/selenium/selenium-devtools-v89/4.0.0-beta-1/selenium-devtools-v89-4.0.0-beta-1.jar:/Users/ishandhaliwal/.m2/repository/org/seleniumhq/selenium/selenium-edge-driver/4.0.0-beta-1/selenium-edge-driver-4.0.0-beta-1.jar:/Users/ishandhaliwal/.m2/repository/org/seleniumhq/selenium/selenium-firefox-driver/4.0.0-beta-1/selenium-firefox-driver-4.0.0-beta-1.jar:/Users/ishandhaliwal/.m2/repository/org/seleniumhq/selenium/selenium-firefox-xpi-driver/4.0.0-beta-1/selenium-firefox-xpi-driver-4.0.0-beta-1.jar:/Users/ishandhaliwal/.m2/repository/org/seleniumhq/selenium/selenium-ie-driver/4.0.0-beta-1/selenium-ie-driver-4.0.0-beta-1.jar:/Users/ishandhaliwal/.m2/repository/org/seleniumhq/selenium/selenium-opera-driver/4.0.0-beta-1/selenium-opera-driver-4.0.0-beta-1.jar:/Users/ishandhaliwal/.m2/repository/org/seleniumhq/selenium/selenium-remote-driver/4.0.0-beta-1/selenium-remote-driver-4.0.0-beta-1.jar:/Users/ishandhaliwal/.m2/repository/io/netty/netty-buffer/4.1.58.Final/netty-buffer-4.1.58.Final.jar:/Users/ishandhaliwal/.m2/repository/io/netty/netty-codec-http/4.1.58.Final/netty-codec-http-4.1.58.Final.jar:/Users/ishandhaliwal/.m2/repository/io/netty/netty-codec/4.1.58.Final/netty-codec-4.1.58.Final.jar:/Users/ishandhaliwal/.m2/repository/io/netty/netty-handler/4.1.58.Final/netty-handler-4.1.58.Final.jar:/Users/ishandhaliwal/.m2/repository/io/netty/netty-common/4.1.58.Final/netty-common-4.1.58.Final.jar:/Users/ishandhaliwal/.m2/repository/io/netty/netty-transport-native-epoll/4.1.58.Final/netty-transport-native-epoll-4.1.58.Final.jar:/Users/ishandhaliwal/.m2/repository/io/netty/netty-transport-native-kqueue/4.1.58.Final/netty-transport-native-kqueue-4.1.58.Final.jar:/Users/ishandhaliwal/.m2/repository/io/netty/netty-transport-native-unix-common/4.1.58.Final/netty-transport-native-unix-common-4.1.58.Final.jar:/Users/ishandhaliwal/.m2/repository/io/netty/netty-transport/4.1.58.Final/netty-transport-4.1.58.Final.jar:/Users/ishandhaliwal/.m2/repository/io/netty/netty-resolver/4.1.58.Final/netty-resolver-4.1.58.Final.jar:/Users/ishandhaliwal/.m2/repository/io/opentelemetry/opentelemetry-api/0.14.1/opentelemetry-api-0.14.1.jar:/Users/ishandhaliwal/.m2/repository/io/opentelemetry/opentelemetry-context/0.14.1/opentelemetry-context-0.14.1.jar:/Users/ishandhaliwal/.m2/repository/io/opentelemetry/opentelemetry-exporter-logging/0.14.1/opentelemetry-exporter-logging-0.14.1.jar:/Users/ishandhaliwal/.m2/repository/io/opentelemetry/opentelemetry-sdk-metrics/0.14.1-alpha/opentelemetry-sdk-metrics-0.14.1-alpha.jar:/Users/ishandhaliwal/.m2/repository/io/opentelemetry/opentelemetry-sdk-common/0.14.1/opentelemetry-sdk-common-0.14.1.jar:/Users/ishandhaliwal/.m2/repository/io/opentelemetry/opentelemetry-sdk-trace/0.14.1/opentelemetry-sdk-trace-0.14.1.jar:/Users/ishandhaliwal/.m2/repository/io/opentelemetry/opentelemetry-api-metrics/0.14.1-alpha/opentelemetry-api-metrics-0.14.1-alpha.jar:/Users/ishandhaliwal/.m2/repository/io/opentelemetry/opentelemetry-sdk/0.14.1/opentelemetry-sdk-0.14.1.jar:/Users/ishandhaliwal/.m2/repository/io/opentelemetry/opentelemetry-semconv/0.14.1/opentelemetry-semconv-0.14.1.jar:/Users/ishandhaliwal/.m2/repository/net/bytebuddy/byte-buddy/1.10.19/byte-buddy-1.10.19.jar:/Users/ishandhaliwal/.m2/repository/org/apache/commons/commons-exec/1.3/commons-exec-1.3.jar:/Users/ishandhaliwal/.m2/repository/org/asynchttpclient/async-http-client/2.12.2/async-http-client-2.12.2.jar:/Users/ishandhaliwal/.m2/repository/org/asynchttpclient/async-http-client-netty-utils/2.12.2/async-http-client-netty-utils-2.12.2.jar:/Users/ishandhaliwal/.m2/repository/io/netty/netty-codec-socks/4.1.53.Final/netty-codec-socks-4.1.53.Final.jar:/Users/ishandhaliwal/.m2/repository/io/netty/netty-handler-proxy/4.1.53.Final/netty-handler-proxy-4.1.53.Final.jar:/Users/ishandhaliwal/.m2/repository/io/netty/netty-transport-native-epoll/4.1.53.Final/netty-transport-native-epoll-4.1.53.Final-linux-x86_64.jar:/Users/ishandhaliwal/.m2/repository/io/netty/netty-transport-native-kqueue/4.1.53.Final/netty-transport-native-kqueue-4.1.53.Final-osx-x86_64.jar:/Users/ishandhaliwal/.m2/repository/org/reactivestreams/reactive-streams/1.0.3/reactive-streams-1.0.3.jar:/Users/ishandhaliwal/.m2/repository/com/typesafe/netty/netty-reactive-streams/2.0.4/netty-reactive-streams-2.0.4.jar:/Users/ishandhaliwal/.m2/repository/com/sun/activation/jakarta.activation/1.2.2/jakarta.activation-1.2.2.jar:/Users/ishandhaliwal/.m2/repository/org/seleniumhq/selenium/selenium-safari-driver/4.0.0-beta-1/selenium-safari-driver-4.0.0-beta-1.jar:/Users/ishandhaliwal/.m2/repository/org/seleniumhq/selenium/selenium-support/4.0.0-beta-1/selenium-support-4.0.0-beta-1.jar:/Users/ishandhaliwal/.m2/repository/org/testng/testng/7.4.0/testng-7.4.0.jar:/Users/ishandhaliwal/.m2/repository/com/beust/jcommander/1.78/jcommander-1.78.jar:/Users/ishandhaliwal/.m2/repository/org/webjars/jquery/3.5.1/jquery-3.5.1.jar:/Users/ishandhaliwal/.m2/repository/org/apache/poi/poi/5.0.0/poi-5.0.0.jar:/Users/ishandhaliwal/.m2/repository/org/slf4j/slf4j-api/1.7.30/slf4j-api-1.7.30.jar:/Users/ishandhaliwal/.m2/repository/org/slf4j/jcl-over-slf4j/1.7.30/jcl-over-slf4j-1.7.30.jar:/Users/ishandhaliwal/.m2/repository/commons-codec/commons-codec/1.15/commons-codec-1.15.jar:/Users/ishandhaliwal/.m2/repository/org/apache/commons/commons-collections4/4.4/commons-collections4-4.4.jar:/Users/ishandhaliwal/.m2/repository/org/apache/commons/commons-math3/3.6.1/commons-math3-3.6.1.jar:/Users/ishandhaliwal/.m2/repository/com/zaxxer/SparseBitSet/1.2/SparseBitSet-1.2.jar:/Users/ishandhaliwal/.m2/repository/org/apache/poi/poi-ooxml/5.0.0/poi-ooxml-5.0.0.jar:/Users/ishandhaliwal/.m2/repository/org/apache/poi/poi-ooxml-lite/5.0.0/poi-ooxml-lite-5.0.0.jar:/Users/ishandhaliwal/.m2/repository/org/apache/xmlbeans/xmlbeans/4.0.0/xmlbeans-4.0.0.jar:/Users/ishandhaliwal/.m2/repository/org/apache/commons/commons-compress/1.20/commons-compress-1.20.jar:/Users/ishandhaliwal/.m2/repository/com/github/virtuald/curvesapi/1.06/curvesapi-1.06.jar:/Users/ishandhaliwal/.m2/repository/org/bouncycastle/bcpkix-jdk15on/1.68/bcpkix-jdk15on-1.68.jar:/Users/ishandhaliwal/.m2/repository/org/bouncycastle/bcprov-jdk15on/1.68/bcprov-jdk15on-1.68.jar:/Users/ishandhaliwal/.m2/repository/org/apache/santuario/xmlsec/2.2.1/xmlsec-2.2.1.jar:/Users/ishandhaliwal/.m2/repository/com/fasterxml/woodstox/woodstox-core/5.2.1/woodstox-core-5.2.1.jar:/Users/ishandhaliwal/.m2/repository/org/codehaus/woodstox/stax2-api/4.2/stax2-api-4.2.jar:/Users/ishandhaliwal/.m2/repository/jakarta/xml/bind/jakarta.xml.bind-api/2.3.2/jakarta.xml.bind-api-2.3.2.jar:/Users/ishandhaliwal/.m2/repository/jakarta/activation/jakarta.activation-api/1.2.1/jakarta.activation-api-1.2.1.jar:/Users/ishandhaliwal/.m2/repository/org/apache/xmlgraphics/batik-all/1.13/batik-all-1.13.jar:/Users/ishandhaliwal/.m2/repository/org/apache/xmlgraphics/batik-anim/1.13/batik-anim-1.13.jar:/Users/ishandhaliwal/.m2/repository/org/apache/xmlgraphics/batik-shared-resources/1.13/batik-shared-resources-1.13.jar:/Users/ishandhaliwal/.m2/repository/xml-apis/xml-apis-ext/1.3.04/xml-apis-ext-1.3.04.jar:/Users/ishandhaliwal/.m2/repository/org/apache/xmlgraphics/batik-awt-util/1.13/batik-awt-util-1.13.jar:/Users/ishandhaliwal/.m2/repository/org/apache/xmlgraphics/xmlgraphics-commons/2.4/xmlgraphics-commons-2.4.jar:/Users/ishandhaliwal/.m2/repository/commons-io/commons-io/1.3.1/commons-io-1.3.1.jar:/Users/ishandhaliwal/.m2/repository/org/apache/xmlgraphics/batik-bridge/1.13/batik-bridge-1.13.jar:/Users/ishandhaliwal/.m2/repository/org/apache/xmlgraphics/batik-codec/1.13/batik-codec-1.13.jar:/Users/ishandhaliwal/.m2/repository/org/apache/xmlgraphics/batik-constants/1.13/batik-constants-1.13.jar:/Users/ishandhaliwal/.m2/repository/org/apache/xmlgraphics/batik-css/1.13/batik-css-1.13.jar:/Users/ishandhaliwal/.m2/repository/org/apache/xmlgraphics/batik-dom/1.13/batik-dom-1.13.jar:/Users/ishandhaliwal/.m2/repository/xalan/xalan/2.7.2/xalan-2.7.2.jar:/Users/ishandhaliwal/.m2/repository/xalan/serializer/2.7.2/serializer-2.7.2.jar:/Users/ishandhaliwal/.m2/repository/xml-apis/xml-apis/1.4.01/xml-apis-1.4.01.jar:/Users/ishandhaliwal/.m2/repository/org/apache/xmlgraphics/batik-ext/1.13/batik-ext-1.13.jar:/Users/ishandhaliwal/.m2/repository/org/apache/xmlgraphics/batik-extension/1.13/batik-extension-1.13.jar:/Users/ishandhaliwal/.m2/repository/org/apache/xmlgraphics/batik-gui-util/1.13/batik-gui-util-1.13.jar:/Users/ishandhaliwal/.m2/repository/org/apache/xmlgraphics/batik-gvt/1.13/batik-gvt-1.13.jar:/Users/ishandhaliwal/.m2/repository/org/apache/xmlgraphics/batik-i18n/1.13/batik-i18n-1.13.jar:/Users/ishandhaliwal/.m2/repository/org/apache/xmlgraphics/batik-parser/1.13/batik-parser-1.13.jar:/Users/ishandhaliwal/.m2/repository/org/apache/xmlgraphics/batik-rasterizer-ext/1.13/batik-rasterizer-ext-1.13.jar:/Users/ishandhaliwal/.m2/repository/org/apache/xmlgraphics/batik-rasterizer/1.13/batik-rasterizer-1.13.jar:/Users/ishandhaliwal/.m2/repository/org/apache/xmlgraphics/batik-script/1.13/batik-script-1.13.jar:/Users/ishandhaliwal/.m2/repository/org/apache/xmlgraphics/batik-slideshow/1.13/batik-slideshow-1.13.jar:/Users/ishandhaliwal/.m2/repository/org/apache/xmlgraphics/batik-squiggle-ext/1.13/batik-squiggle-ext-1.13.jar:/Users/ishandhaliwal/.m2/repository/org/apache/xmlgraphics/batik-squiggle/1.13/batik-squiggle-1.13.jar:/Users/ishandhaliwal/.m2/repository/org/apache/xmlgraphics/batik-svg-dom/1.13/batik-svg-dom-1.13.jar:/Users/ishandhaliwal/.m2/repository/org/apache/xmlgraphics/batik-svgbrowser/1.13/batik-svgbrowser-1.13.jar:/Users/ishandhaliwal/.m2/repository/org/apache/xmlgraphics/batik-svggen/1.13/batik-svggen-1.13.jar:/Users/ishandhaliwal/.m2/repository/org/apache/xmlgraphics/batik-svgpp/1.13/batik-svgpp-1.13.jar:/Users/ishandhaliwal/.m2/repository/org/apache/xmlgraphics/batik-svgrasterizer/1.13/batik-svgrasterizer-1.13.jar:/Users/ishandhaliwal/.m2/repository/org/apache/xmlgraphics/batik-swing/1.13/batik-swing-1.13.jar:/Users/ishandhaliwal/.m2/repository/org/apache/xmlgraphics/batik-transcoder/1.13/batik-transcoder-1.13.jar:/Users/ishandhaliwal/.m2/repository/org/apache/xmlgraphics/batik-util/1.13/batik-util-1.13.jar:/Users/ishandhaliwal/.m2/repository/org/apache/xmlgraphics/batik-ttf2svg/1.13/batik-ttf2svg-1.13.jar:/Users/ishandhaliwal/.m2/repository/org/apache/xmlgraphics/batik-xml/1.13/batik-xml-1.13.jar:/Users/ishandhaliwal/.m2/repository/de/rototor/pdfbox/graphics2d/0.30/graphics2d-0.30.jar:/Users/ishandhaliwal/.m2/repository/org/apache/pdfbox/pdfbox/2.0.22/pdfbox-2.0.22.jar:/Users/ishandhaliwal/.m2/repository/org/apache/pdfbox/fontbox/2.0.22/fontbox-2.0.22.jar:/Users/ishandhaliwal/.m2/repository/com/aventstack/extentreports/4.0.9/extentreports-4.0.9.jar:/Users/ishandhaliwal/.m2/repository/org/freemarker/freemarker/2.3.23/freemarker-2.3.23.jar:/Users/ishandhaliwal/.m2/repository/org/mongodb/mongodb-driver/3.3.0/mongodb-driver-3.3.0.jar:/Users/ishandhaliwal/.m2/repository/org/mongodb/mongodb-driver-core/3.3.0/mongodb-driver-core-3.3.0.jar:/Users/ishandhaliwal/.m2/repository/org/mongodb/bson/3.3.0/bson-3.3.0.jar:/Users/ishandhaliwal/.m2/repository/org/apache/httpcomponents/httpclient/4.5.2/httpclient-4.5.2.jar:/Users/ishandhaliwal/.m2/repository/org/apache/httpcomponents/httpcore/4.4.4/httpcore-4.4.4.jar:/Users/ishandhaliwal/.m2/repository/commons-logging/commons-logging/1.2/commons-logging-1.2.jar:/Users/ishandhaliwal/.m2/repository/org/apache/httpcomponents/httpmime/4.5.2/httpmime-4.5.2.jar:/Users/ishandhaliwal/.m2/repository/com/google/code/gson/gson/2.8.5/gson-2.8.5.jar:/Users/ishandhaliwal/.m2/repository/log4j/log4j/1.2.17/log4j-1.2.17.jar:/Users/ishandhaliwal/.m2/repository/io/rest-assured/rest-assured/4.3.3/rest-assured-4.3.3.jar:/Users/ishandhaliwal/.m2/repository/org/codehaus/groovy/groovy/3.0.7/groovy-3.0.7.jar:/Users/ishandhaliwal/.m2/repository/org/codehaus/groovy/groovy-xml/3.0.7/groovy-xml-3.0.7.jar:/Users/ishandhaliwal/.m2/repository/org/hamcrest/hamcrest/2.1/hamcrest-2.1.jar:/Users/ishandhaliwal/.m2/repository/org/ccil/cowan/tagsoup/tagsoup/1.2.1/tagsoup-1.2.1.jar:/Users/ishandhaliwal/.m2/repository/io/rest-assured/json-path/4.3.3/json-path-4.3.3.jar:/Users/ishandhaliwal/.m2/repository/org/codehaus/groovy/groovy-json/3.0.7/groovy-json-3.0.7.jar:/Users/ishandhaliwal/.m2/repository/io/rest-assured/rest-assured-common/4.3.3/rest-assured-common-4.3.3.jar:/Users/ishandhaliwal/.m2/repository/io/rest-assured/xml-path/4.3.3/xml-path-4.3.3.jar:/Users/ishandhaliwal/.m2/repository/org/apache/commons/commons-lang3/3.11/commons-lang3-3.11.jar:/Users/ishandhaliwal/.m2/repository/com/sun/xml/bind/jaxb-impl/2.3.3/jaxb-impl-2.3.3.jar:/Users/ishandhaliwal/.m2/repository/com/googlecode/json-simple/json-simple/1.1.1/json-simple-1.1.1.jar:/Users/ishandhaliwal/.m2/repository/junit/junit/4.10/junit-4.10.jar:/Users/ishandhaliwal/.m2/repository/org/hamcrest/hamcrest-core/1.1/hamcrest-core-1.1.jar:"/>
    <property name="sun.cpu.endian" value="little"/>
    <property name="user.home" value="/Users/ishandhaliwal"/>
    <property name="user.language" value="en"/>
    <property name="java.specification.vendor" value="Oracle Corporation"/>
    <property name="java.version.date" value="2021-10-19"/>
    <property name="java.home" value="/opt/homebrew/Cellar/openjdk/17.0.1_1/libexec/openjdk.jdk/Contents/Home"/>
    <property name="file.separator" value="/"/>
    <property name="basedir" value="/Users/ishandhaliwal/Documents/RestAssuredJavaTestNG/RestAssuredHybridFramework"/>
    <property name="java.vm.compressedOopsMode" value="Zero based"/>
    <property name="line.separator" value="&#10;"/>
    <property name="java.vm.specification.vendor" value="Oracle Corporation"/>
    <property name="java.specification.name" value="Java Platform API Specification"/>
    <property name="surefire.real.class.path" value="/Users/ishandhaliwal/Documents/RestAssuredJavaTestNG/RestAssuredHybridFramework/target/surefire/surefirebooter10116248712121016837.jar"/>
    <property name="sun.management.compiler" value="HotSpot 64-Bit Tiered Compilers"/>
    <property name="ftp.nonProxyHosts" value="local|*.local|169.254/16|*.169.254/16"/>
    <property name="java.runtime.version" value="17.0.1+1"/>
    <property name="user.name" value="ishandhaliwal"/>
    <property name="path.separator" value=":"/>
    <property name="os.version" value="12.0.1"/>
    <property name="java.runtime.name" value="OpenJDK Runtime Environment"/>
    <property name="file.encoding" value="UTF-8"/>
    <property name="java.vm.name" value="OpenJDK 64-Bit Server VM"/>
    <property name="java.vendor.version" value="Homebrew"/>
    <property name="localRepository" value="/Users/ishandhaliwal/.m2/repository"/>
    <property name="java.vendor.url.bug" value="https://github.com/Homebrew/homebrew-core/issues"/>
    <property name="java.io.tmpdir" value="/var/folders/np/2_rs1zms7c5fmvq40dk63lz80000gn/T/"/>
    <property name="java.version" value="17.0.1"/>
    <property name="user.dir" value="/Users/ishandhaliwal/Documents/RestAssuredJavaTestNG/RestAssuredHybridFramework"/>
    <property name="os.arch" value="aarch64"/>
    <property name="java.vm.specification.name" value="Java Virtual Machine Specification"/>
    <property name="native.encoding" value="UTF-8"/>
    <property name="java.library.path" value="/Users/ishandhaliwal/Library/Java/Extensions:/Library/Java/Extensions:/Network/Library/Java/Extensions:/System/Library/Java/Extensions:/usr/lib/java:."/>
    <property name="java.vm.info" value="mixed mode, sharing"/>
    <property name="java.vendor" value="Homebrew"/>
    <property name="java.vm.version" value="17.0.1+1"/>
    <property name="sun.io.unicode.encoding" value="UnicodeBig"/>
    <property name="socksNonProxyHosts" value="local|*.local|169.254/16|*.169.254/16"/>
    <property name="java.class.version" value="61.0"/>
  </properties>
  <testcase name="checkContentType" classname="com.api.testcases.TC001_Get_All_Users" time="0.002">
    <system-out><![CDATA[2022-01-21 12:26:00 INFO  Reqres Users API:35 - *********Started TC001_Get_All_Users **********
2022-01-21 12:26:01 INFO  Reqres Users API:98 - ***********  Checking Content Type **********
2022-01-21 12:26:01 INFO  Reqres Users API:101 - Content type is ==>application/json; charset=utf-8
]]></system-out>
    <system-err><![CDATA[log4j:ERROR Could not find value for key log4j.appender.DEBUG
log4j:ERROR Could not instantiate appender named "DEBUG".
SLF4J: Failed to load class "org.slf4j.impl.StaticLoggerBinder".
SLF4J: Defaulting to no-operation (NOP) logger implementation
SLF4J: See http://www.slf4j.org/codes.html#StaticLoggerBinder for further details.
]]></system-err>
  </testcase>
  <testcase name="checkCookies" classname="com.api.testcases.TC001_Get_All_Users" time="0">
    <system-out><![CDATA[2022-01-21 12:26:01 INFO  Reqres Users API:146 - ***********  Checking Cookies **********
]]></system-out>
  </testcase>
  <testcase name="checkResponseTime" classname="com.api.testcases.TC001_Get_All_Users" time="0.001">
    <system-out><![CDATA[2022-01-21 12:26:01 INFO  Reqres Users API:69 - ***********  Checking Response Time **********
2022-01-21 12:26:01 INFO  Reqres Users API:72 - Response Time is ==>1161
]]></system-out>
  </testcase>
  <testcase name="checkResposeBody" classname="com.api.testcases.TC001_Get_All_Users" time="0.008">
    <system-out><![CDATA[2022-01-21 12:26:01 INFO  Reqres Users API:47 - ***********  Checking Respose Body **********
2022-01-21 12:26:01 INFO  Reqres Users API:50 - Response Body==>{"page":1,"per_page":6,"total":12,"total_pages":2,"data":[{"id":1,"email":"george.bluth@reqres.in","first_name":"George","last_name":"Bluth","avatar":"https://reqres.in/img/faces/1-image.jpg"},{"id":2,"email":"janet.weaver@reqres.in","first_name":"Janet","last_name":"Weaver","avatar":"https://reqres.in/img/faces/2-image.jpg"},{"id":3,"email":"emma.wong@reqres.in","first_name":"Emma","last_name":"Wong","avatar":"https://reqres.in/img/faces/3-image.jpg"},{"id":4,"email":"eve.holt@reqres.in","first_name":"Eve","last_name":"Holt","avatar":"https://reqres.in/img/faces/4-image.jpg"},{"id":5,"email":"charles.morris@reqres.in","first_name":"Charles","last_name":"Morris","avatar":"https://reqres.in/img/faces/5-image.jpg"},{"id":6,"email":"tracey.ramos@reqres.in","first_name":"Tracey","last_name":"Ramos","avatar":"https://reqres.in/img/faces/6-image.jpg"}],"support":{"url":"https://reqres.in/#support-heading","text":"To keep ReqRes free, contributions towards server costs are appreciated!"}}
]]></system-out>
  </testcase>
  <testcase name="checkStatusCode" classname="com.api.testcases.TC001_Get_All_Users" time="0">
    <system-out><![CDATA[2022-01-21 12:26:01 INFO  Reqres Users API:58 - ***********  Checking Status Code **********
2022-01-21 12:26:01 INFO  Reqres Users API:61 - Status Code is ==>200
]]></system-out>
  </testcase>
  <testcase name="checkcontentEncoding" classname="com.api.testcases.TC001_Get_All_Users" time="0.001">
    <system-out><![CDATA[2022-01-21 12:26:01 INFO  Reqres Users API:119 - ***********  Checking Content Encoding**********
2022-01-21 12:26:01 INFO  Reqres Users API:122 - Content Encoding is==>gzip
]]></system-out>
  </testcase>
  <testcase name="checkserverType" classname="com.api.testcases.TC001_Get_All_Users" time="0">
    <system-out><![CDATA[2022-01-21 12:26:01 INFO  Reqres Users API:108 - ***********  Checking Server Type **********
2022-01-21 12:26:01 INFO  Reqres Users API:111 - Server Type is =>cloudflare
]]></system-out>
  </testcase>
  <testcase name="checkstatusLine" classname="com.api.testcases.TC001_Get_All_Users" time="0.001">
    <system-out><![CDATA[2022-01-21 12:26:01 INFO  Reqres Users API:85 - ***********  Checking Status Line **********
2022-01-21 12:26:01 INFO  Reqres Users API:88 - Status Line is ==>HTTP/1.1 200 OK
]]></system-out>
  </testcase>
  <testcase name="checkContentType" classname="com.api.testcases.TC002_Get_Single_User" time="0">
    <system-out><![CDATA[2022-01-21 12:26:01 INFO  Reqres Users API:155 - *********  Finished TC001_Get_All_Employees **********
2022-01-21 12:26:01 INFO  Reqres Users API:35 - *********Started TC002_Get_Single_User_Record **********
]]></system-out>
    <system-err><![CDATA[log4j:ERROR Could not find value for key log4j.appender.DEBUG
log4j:ERROR Could not instantiate appender named "DEBUG".
]]></system-err>
  </testcase>
  <testcase name="checkResponseTime" classname="com.api.testcases.TC002_Get_Single_User" time="0.001"/>
  <testcase name="checkResposeBody" classname="com.api.testcases.TC002_Get_Single_User" time="0.002">
    <system-out><![CDATA[Response Body is:  {"data":{"id":5,"email":"charles.morris@reqres.in","first_name":"Charles","last_name":"Morris","avatar":"https://reqres.in/img/faces/5-image.jpg"},"support":{"url":"https://reqres.in/#support-heading","text":"To keep ReqRes free, contributions towards server costs are appreciated!"}}
]]></system-out>
  </testcase>
  <testcase name="checkStatusCode" classname="com.api.testcases.TC002_Get_Single_User" time="0.003"/>
  <testcase name="checkserverType" classname="com.api.testcases.TC002_Get_Single_User" time="0"/>
  <testcase name="checkstatusLine" classname="com.api.testcases.TC002_Get_Single_User" time="0.001"/>
  <testcase name="checkContentType" classname="com.api.testcases.TC003_Post_User_Record" time="0">
    <system-out><![CDATA[2022-01-21 12:26:09 INFO  Reqres Users API:99 - *********  Finished TC002_Get_Single_Employee_Record **********
2022-01-21 12:26:09 INFO  Reqres Users API:41 - *********Started TC003_Post_User_Record **********
]]></system-out>
    <system-err><![CDATA[log4j:ERROR Could not find value for key log4j.appender.DEBUG
log4j:ERROR Could not instantiate appender named "DEBUG".
]]></system-err>
  </testcase>
  <testcase name="checkResposeBody" classname="com.api.testcases.TC003_Post_User_Record" time="0.001">
    <system-out><![CDATA[{"name":"Johni","job":"LeaderrcgCH","id":"63","createdAt":"2022-01-21T06:56:10.714Z"}
]]></system-out>
  </testcase>
  <testcase name="checkStatusCode" classname="com.api.testcases.TC003_Post_User_Record" time="0"/>
  <testcase name="checkserverType" classname="com.api.testcases.TC003_Post_User_Record" time="0"/>
  <testcase name="checkstatusLine" classname="com.api.testcases.TC003_Post_User_Record" time="0"/>
  <testcase name="checkContentType" classname="com.api.testcases.TC004_Put_Update_User_Record" time="0">
    <system-out><![CDATA[2022-01-21 12:26:16 INFO  Reqres Users API:107 - *********  Finished TC003_Post_User_Record **********
2022-01-21 12:26:16 INFO  Reqres Users API:41 - *********Started TC004_PUT_User_Record **********
]]></system-out>
    <system-err><![CDATA[log4j:ERROR Could not find value for key log4j.appender.DEBUG
log4j:ERROR Could not instantiate appender named "DEBUG".
]]></system-err>
  </testcase>
  <testcase name="checkResposeBody" classname="com.api.testcases.TC004_Put_Update_User_Record" time="0.001">
    <system-out><![CDATA[{"name":"JohnN","job":"LeaderZgXrP","updatedAt":"2022-01-21T06:56:17.226Z"}
]]></system-out>
  </testcase>
  <testcase name="checkStatusCode" classname="com.api.testcases.TC004_Put_Update_User_Record" time="0"/>
  <testcase name="checkserverType" classname="com.api.testcases.TC004_Put_Update_User_Record" time="0.001"/>
  <testcase name="checkstatusLine" classname="com.api.testcases.TC004_Put_Update_User_Record" time="0.001"/>
  <testcase name="checkResposeBody" classname="com.api.testcases.TC005_Delete_User_Record" time="0.002">
    <system-out><![CDATA[2022-01-21 12:26:22 INFO  Reqres Users API:107 - *********  Finished TC004_PUT_User_Record **********
2022-01-21 12:26:22 INFO  Reqres Users API:39 - *********Started TC005_Delete_Employee_Record **********
]]></system-out>
    <system-err><![CDATA[log4j:ERROR Could not find value for key log4j.appender.DEBUG
log4j:ERROR Could not instantiate appender named "DEBUG".
]]></system-err>
  </testcase>
  <testcase name="checkStatusCode" classname="com.api.testcases.TC005_Delete_User_Record" time="0"/>
  <testcase name="checkserverType" classname="com.api.testcases.TC005_Delete_User_Record" time="0"/>
  <testcase name="checkstatusLine" classname="com.api.testcases.TC005_Delete_User_Record" time="0"/>
</testsuite>